C:\Data\Mes documents\Visual Studio 2010\Projects\OnScreenKeyboardDisplay\\OnScreenKeyboardDisplay\bin\x86\Debug\OSKDUnmanagedLib.dll
C:\Data\Mes documents\Visual Studio 2010\Projects\OnScreenKeyboardDisplay\\OnScreenKeyboardDisplay\bin\x86\Debug\OSKDUnmanagedLib.ilk
C:\Data\Mes documents\Visual Studio 2010\Projects\OnScreenKeyboardDisplay\\OnScreenKeyboardDisplay\bin\x86\Debug\OSKDUnmanagedLib.pdb
C:\DATA\MES DOCUMENTS\VISUAL STUDIO 2010\PROJECTS\ONSCREENKEYBOARDDISPLAY\ONSCREENKEYBOARDDISPLAY\BIN\X86\DEBUG\OSKDUNMANAGEDLIB.DLL
C:\DATA\MES DOCUMENTS\VISUAL STUDIO 2010\PROJECTS\ONSCREENKEYBOARDDISPLAY\ONSCREENKEYBOARDDISPLAY\BIN\X86\DEBUG\OSKDUNMANAGEDLIB.ILK
C:\DATA\MES DOCUMENTS\VISUAL STUDIO 2010\PROJECTS\ONSCREENKEYBOARDDISPLAY\ONSCREENKEYBOARDDISPLAY\BIN\X86\DEBUG\OSKDUNMANAGEDLIB.PDB
C:\DATA\MES DOCUMENTS\VISUAL STUDIO 2010\PROJECTS\ONSCREENKEYBOARDDISPLAY\OSKDUNMANAGEDLIB\DEBUG\APP.RES
C:\DATA\MES DOCUMENTS\VISUAL STUDIO 2010\PROJECTS\ONSCREENKEYBOARDDISPLAY\OSKDUNMANAGEDLIB\DEBUG\ASSEMBLYINFO.OBJ
C:\Data\Mes documents\Visual Studio 2010\Projects\OnScreenKeyboardDisplay\OSKDUnmanagedLib\Debug\cl.command.1.tlog
C:\Data\Mes documents\Visual Studio 2010\Projects\OnScreenKeyboardDisplay\OSKDUnmanagedLib\Debug\CL.read.1.tlog
C:\Data\Mes documents\Visual Studio 2010\Projects\OnScreenKeyboardDisplay\OSKDUnmanagedLib\Debug\CL.write.1.tlog
C:\Data\Mes documents\Visual Studio 2010\Projects\OnScreenKeyboardDisplay\OSKDUnmanagedLib\Debug\link.command.1.tlog
C:\Data\Mes documents\Visual Studio 2010\Projects\OnScreenKeyboardDisplay\OSKDUnmanagedLib\Debug\link.read.1.tlog
C:\Data\Mes documents\Visual Studio 2010\Projects\OnScreenKeyboardDisplay\OSKDUnmanagedLib\Debug\link.write.1.tlog
C:\Data\Mes documents\Visual Studio 2010\Projects\OnScreenKeyboardDisplay\OSKDUnmanagedLib\Debug\link-cvtres.read.1.tlog
C:\Data\Mes documents\Visual Studio 2010\Projects\OnScreenKeyboardDisplay\OSKDUnmanagedLib\Debug\link-cvtres.write.1.tlog
C:\Data\Mes documents\Visual Studio 2010\Projects\OnScreenKeyboardDisplay\OSKDUnmanagedLib\Debug\mt.command.1.tlog
C:\Data\Mes documents\Visual Studio 2010\Projects\OnScreenKeyboardDisplay\OSKDUnmanagedLib\Debug\mt.read.1.tlog
C:\Data\Mes documents\Visual Studio 2010\Projects\OnScreenKeyboardDisplay\OSKDUnmanagedLib\Debug\mt.write.1.tlog
C:\DATA\MES DOCUMENTS\VISUAL STUDIO 2010\PROJECTS\ONSCREENKEYBOARDDISPLAY\OSKDUNMANAGEDLIB\DEBUG\OSKDUNMANAGEDLIB.DLL.EMBED.MANIFEST
C:\DATA\MES DOCUMENTS\VISUAL STUDIO 2010\PROJECTS\ONSCREENKEYBOARDDISPLAY\OSKDUNMANAGEDLIB\DEBUG\OSKDUNMANAGEDLIB.DLL.EMBED.MANIFEST.RES
C:\DATA\MES DOCUMENTS\VISUAL STUDIO 2010\PROJECTS\ONSCREENKEYBOARDDISPLAY\OSKDUNMANAGEDLIB\DEBUG\OSKDUNMANAGEDLIB.DLL.INTERMEDIATE.MANIFEST
C:\DATA\MES DOCUMENTS\VISUAL STUDIO 2010\PROJECTS\ONSCREENKEYBOARDDISPLAY\OSKDUNMANAGEDLIB\DEBUG\OSKDUNMANAGEDLIB.OBJ
C:\DATA\MES DOCUMENTS\VISUAL STUDIO 2010\PROJECTS\ONSCREENKEYBOARDDISPLAY\OSKDUNMANAGEDLIB\DEBUG\OSKDUNMANAGEDLIB.PCH
C:\Data\Mes documents\Visual Studio 2010\Projects\OnScreenKeyboardDisplay\OSKDUnmanagedLib\Debug\OSKDUnmanagedLib.write.1.tlog
C:\Data\Mes documents\Visual Studio 2010\Projects\OnScreenKeyboardDisplay\OSKDUnmanagedLib\Debug\OSKDUnmanagedLib_manifest.rc
C:\Data\Mes documents\Visual Studio 2010\Projects\OnScreenKeyboardDisplay\OSKDUnmanagedLib\Debug\rc.command.1.tlog
C:\Data\Mes documents\Visual Studio 2010\Projects\OnScreenKeyboardDisplay\OSKDUnmanagedLib\Debug\rc.read.1.tlog
C:\Data\Mes documents\Visual Studio 2010\Projects\OnScreenKeyboardDisplay\OSKDUnmanagedLib\Debug\rc.write.1.tlog
C:\DATA\MES DOCUMENTS\VISUAL STUDIO 2010\PROJECTS\ONSCREENKEYBOARDDISPLAY\OSKDUNMANAGEDLIB\DEBUG\STDAFX.OBJ
C:\Data\Mes documents\Visual Studio 2010\Projects\OnScreenKeyboardDisplay\OSKDUnmanagedLib\Debug\vc100.idb
C:\DATA\MES DOCUMENTS\VISUAL STUDIO 2010\PROJECTS\ONSCREENKEYBOARDDISPLAY\OSKDUNMANAGEDLIB\DEBUG\VC100.PDB
